{"/Users/musaabugi/web_projects/jankara-stock/src/components/StockAutocomplete.jsx": {"path":"/Users/musaabugi/web_projects/jankara-stock/src/components/StockAutocomplete.jsx","statementMap":{"0":{"start":{"line":5,"column":33},"end":{"line":61,"column":null}},"1":{"start":{"line":7,"column":40},"end":{"line":7,"column":null}},"2":{"start":{"line":8,"column":44},"end":{"line":8,"column":null}},"3":{"start":{"line":10,"column":49},"end":{"line":10,"column":null}},"4":{"start":{"line":12,"column":30},"end":{"line":14,"column":null}},"5":{"start":{"line":13,"column":8},"end":{"line":13,"column":null}},"6":{"start":{"line":16,"column":30},"end":{"line":20,"column":null}},"7":{"start":{"line":17,"column":6},"end":{"line":17,"column":null}},"8":{"start":{"line":18,"column":6},"end":{"line":18,"column":null}},"9":{"start":{"line":19,"column":6},"end":{"line":19,"column":null}},"10":{"start":{"line":22,"column":4},"end":{"line":33,"column":null}},"11":{"start":{"line":23,"column":26},"end":{"line":30,"column":null}},"12":{"start":{"line":24,"column":10},"end":{"line":29,"column":null}},"13":{"start":{"line":25,"column":29},"end":{"line":25,"column":null}},"14":{"start":{"line":26,"column":12},"end":{"line":26,"column":null}},"15":{"start":{"line":28,"column":12},"end":{"line":28,"column":null}},"16":{"start":{"line":32,"column":8},"end":{"line":32,"column":null}},"17":{"start":{"line":35,"column":4},"end":{"line":59,"column":null}},"18":{"start":{"line":52,"column":20},"end":{"line":55,"column":null}},"19":{"start":{"line":52,"column":192},"end":{"line":52,"column":null}}},"fnMap":{"0":{"name":"(anonymous_0)","decl":{"start":{"line":5,"column":33},"end":{"line":5,"column":39}},"loc":{"start":{"line":5,"column":39},"end":{"line":61,"column":null}}},"1":{"name":"(anonymous_1)","decl":{"start":{"line":12,"column":30},"end":{"line":12,"column":39}},"loc":{"start":{"line":12,"column":39},"end":{"line":14,"column":null}}},"2":{"name":"(anonymous_2)","decl":{"start":{"line":16,"column":30},"end":{"line":16,"column":39}},"loc":{"start":{"line":16,"column":39},"end":{"line":20,"column":null}}},"3":{"name":"(anonymous_3)","decl":{"start":{"line":22,"column":14},"end":{"line":22,"column":20}},"loc":{"start":{"line":22,"column":20},"end":{"line":33,"column":7}}},"4":{"name":"(anonymous_4)","decl":{"start":{"line":23,"column":26},"end":{"line":23,"column":38}},"loc":{"start":{"line":23,"column":38},"end":{"line":30,"column":null}}},"5":{"name":"(anonymous_5)","decl":{"start":{"line":51,"column":33},"end":{"line":51,"column":34}},"loc":{"start":{"line":51,"column":52},"end":{"line":56,"column":17}}},"6":{"name":"(anonymous_6)","decl":{"start":{"line":52,"column":186},"end":{"line":52,"column":192}},"loc":{"start":{"line":52,"column":192},"end":{"line":52,"column":null}}}},"branchMap":{"0":{"loc":{"start":{"line":32,"column":8},"end":{"line":32,"column":null}},"type":"cond-expr","locations":[{"start":{"line":32,"column":32},"end":{"line":32,"column":46}},{"start":{"line":32,"column":46},"end":{"line":32,"column":null}}]},"1":{"loc":{"start":{"line":49,"column":151},"end":{"line":49,"column":null}},"type":"cond-expr","locations":[{"start":{"line":49,"column":173},"end":{"line":49,"column":183}},{"start":{"line":49,"column":183},"end":{"line":49,"column":null}}]}},"s":{"0":1,"1":18,"2":18,"3":18,"4":18,"5":3,"6":18,"7":1,"8":1,"9":1,"10":18,"11":9,"12":3,"13":3,"14":3,"15":0,"16":9,"17":18,"18":3,"19":1},"f":{"0":18,"1":3,"2":1,"3":9,"4":3,"5":3,"6":1},"b":{"0":[3,6],"1":[3,15]}}
,"/Users/musaabugi/web_projects/jankara-stock/src/components/StockChart.jsx": {"path":"/Users/musaabugi/web_projects/jankara-stock/src/components/StockChart.jsx","statementMap":{"0":{"start":{"line":5,"column":40},"end":{"line":5,"column":null}},"1":{"start":{"line":6,"column":30},"end":{"line":6,"column":null}},"2":{"start":{"line":8,"column":32},"end":{"line":19,"column":null}},"3":{"start":{"line":9,"column":8},"end":{"line":18,"column":null}},"4":{"start":{"line":11,"column":12},"end":{"line":11,"column":null}},"5":{"start":{"line":13,"column":12},"end":{"line":13,"column":null}},"6":{"start":{"line":15,"column":12},"end":{"line":15,"column":null}},"7":{"start":{"line":17,"column":12},"end":{"line":17,"column":null}},"8":{"start":{"line":21,"column":31},"end":{"line":28,"column":null}},"9":{"start":{"line":22,"column":24},"end":{"line":22,"column":null}},"10":{"start":{"line":23,"column":8},"end":{"line":27,"column":null}},"11":{"start":{"line":24,"column":10},"end":{"line":24,"column":null}},"12":{"start":{"line":26,"column":10},"end":{"line":26,"column":null}},"13":{"start":{"line":30,"column":18},"end":{"line":30,"column":null}},"14":{"start":{"line":32,"column":20},"end":{"line":58,"column":null}},"15":{"start":{"line":60,"column":19},"end":{"line":63,"column":null}},"16":{"start":{"line":65,"column":4},"end":{"line":73,"column":null}},"17":{"start":{"line":69,"column":77},"end":{"line":69,"column":99}},"18":{"start":{"line":70,"column":76},"end":{"line":70,"column":97}},"19":{"start":{"line":71,"column":76},"end":{"line":71,"column":97}}},"fnMap":{"0":{"name":"(anonymous_0)","decl":{"start":{"line":4,"column":15},"end":{"line":4,"column":16}},"loc":{"start":{"line":4,"column":40},"end":{"line":75,"column":null}}},"1":{"name":"(anonymous_1)","decl":{"start":{"line":8,"column":32},"end":{"line":8,"column":38}},"loc":{"start":{"line":8,"column":38},"end":{"line":19,"column":null}}},"2":{"name":"(anonymous_2)","decl":{"start":{"line":21,"column":31},"end":{"line":21,"column":32}},"loc":{"start":{"line":21,"column":43},"end":{"line":28,"column":null}}},"3":{"name":"(anonymous_3)","decl":{"start":{"line":69,"column":71},"end":{"line":69,"column":77}},"loc":{"start":{"line":69,"column":77},"end":{"line":69,"column":99}}},"4":{"name":"(anonymous_4)","decl":{"start":{"line":70,"column":70},"end":{"line":70,"column":76}},"loc":{"start":{"line":70,"column":76},"end":{"line":70,"column":97}}},"5":{"name":"(anonymous_5)","decl":{"start":{"line":71,"column":70},"end":{"line":71,"column":76}},"loc":{"start":{"line":71,"column":76},"end":{"line":71,"column":97}}}},"branchMap":{"0":{"loc":{"start":{"line":9,"column":8},"end":{"line":18,"column":null}},"type":"switch","locations":[{"start":{"line":10,"column":10},"end":{"line":11,"column":null}},{"start":{"line":12,"column":10},"end":{"line":13,"column":null}},{"start":{"line":14,"column":10},"end":{"line":15,"column":null}},{"start":{"line":16,"column":10},"end":{"line":17,"column":null}}]},"1":{"loc":{"start":{"line":23,"column":8},"end":{"line":27,"column":null}},"type":"if","locations":[{"start":{"line":23,"column":8},"end":{"line":27,"column":null}},{"start":{"line":25,"column":15},"end":{"line":27,"column":null}}]},"2":{"loc":{"start":{"line":30,"column":18},"end":{"line":30,"column":null}},"type":"cond-expr","locations":[{"start":{"line":30,"column":111},"end":{"line":30,"column":123}},{"start":{"line":30,"column":123},"end":{"line":30,"column":null}}]},"3":{"loc":{"start":{"line":67,"column":13},"end":{"line":67,"column":null}},"type":"binary-expr","locations":[{"start":{"line":67,"column":13},"end":{"line":67,"column":47}},{"start":{"line":67,"column":47},"end":{"line":67,"column":null}}]}},"s":{"0":5,"1":5,"2":5,"3":20,"4":12,"5":4,"6":4,"7":0,"8":5,"9":15,"10":15,"11":5,"12":10,"13":5,"14":5,"15":5,"16":5,"17":0,"18":1,"19":1},"f":{"0":5,"1":20,"2":15,"3":0,"4":1,"5":1},"b":{"0":[12,4,4,0],"1":[5,10],"2":[0,5],"3":[5,0]}}
,"/Users/musaabugi/web_projects/jankara-stock/src/components/StockData.jsx": {"path":"/Users/musaabugi/web_projects/jankara-stock/src/components/StockData.jsx","statementMap":{"0":{"start":{"line":6,"column":25},"end":{"line":82,"column":null}},"1":{"start":{"line":7,"column":37},"end":{"line":7,"column":null}},"2":{"start":{"line":8,"column":36},"end":{"line":8,"column":null}},"3":{"start":{"line":10,"column":2},"end":{"line":29,"column":null}},"4":{"start":{"line":11,"column":20},"end":{"line":11,"column":null}},"5":{"start":{"line":12,"column":22},"end":{"line":26,"column":null}},"6":{"start":{"line":13,"column":6},"end":{"line":25,"column":null}},"7":{"start":{"line":14,"column":25},"end":{"line":18,"column":null}},"8":{"start":{"line":20,"column":8},"end":{"line":22,"column":null}},"9":{"start":{"line":21,"column":10},"end":{"line":21,"column":null}},"10":{"start":{"line":24,"column":8},"end":{"line":24,"column":null}},"11":{"start":{"line":27,"column":4},"end":{"line":27,"column":null}},"12":{"start":{"line":28,"column":4},"end":{"line":28,"column":null}},"13":{"start":{"line":28,"column":18},"end":{"line":28,"column":null}},"14":{"start":{"line":31,"column":2},"end":{"line":81,"column":null}}},"fnMap":{"0":{"name":"(anonymous_0)","decl":{"start":{"line":6,"column":25},"end":{"line":6,"column":26}},"loc":{"start":{"line":6,"column":41},"end":{"line":82,"column":null}}},"1":{"name":"(anonymous_1)","decl":{"start":{"line":10,"column":12},"end":{"line":10,"column":18}},"loc":{"start":{"line":10,"column":18},"end":{"line":29,"column":5}}},"2":{"name":"(anonymous_2)","decl":{"start":{"line":12,"column":22},"end":{"line":12,"column":34}},"loc":{"start":{"line":12,"column":34},"end":{"line":26,"column":null}}},"3":{"name":"(anonymous_3)","decl":{"start":{"line":28,"column":11},"end":{"line":28,"column":18}},"loc":{"start":{"line":28,"column":18},"end":{"line":28,"column":null}}}},"branchMap":{"0":{"loc":{"start":{"line":20,"column":8},"end":{"line":22,"column":null}},"type":"if","locations":[{"start":{"line":20,"column":8},"end":{"line":22,"column":null}},{"start":{"line":20,"column":8},"end":{"line":22,"column":null}}]},"1":{"loc":{"start":{"line":32,"column":5},"end":{"line":77,"column":null}},"type":"binary-expr","locations":[{"start":{"line":32,"column":5},"end":{"line":32,"column":null}},{"start":{"line":34,"column":6},"end":{"line":77,"column":null}}]}},"s":{"0":1,"1":4,"2":4,"3":4,"4":2,"5":2,"6":2,"7":2,"8":2,"9":2,"10":0,"11":2,"12":2,"13":2,"14":4},"f":{"0":4,"1":2,"2":2,"3":2},"b":{"0":[2,0],"1":[4,2]}}
,"/Users/musaabugi/web_projects/jankara-stock/src/components/StockList.jsx": {"path":"/Users/musaabugi/web_projects/jankara-stock/src/components/StockList.jsx","statementMap":{"0":{"start":{"line":8,"column":25},"end":{"line":94,"column":null}},"1":{"start":{"line":9,"column":63},"end":{"line":9,"column":null}},"2":{"start":{"line":11,"column":32},"end":{"line":11,"column":null}},"3":{"start":{"line":12,"column":21},"end":{"line":12,"column":null}},"4":{"start":{"line":14,"column":4},"end":{"line":36,"column":null}},"5":{"start":{"line":15,"column":24},"end":{"line":15,"column":null}},"6":{"start":{"line":17,"column":26},"end":{"line":33,"column":null}},"7":{"start":{"line":18,"column":12},"end":{"line":32,"column":null}},"8":{"start":{"line":19,"column":34},"end":{"line":25,"column":null}},"9":{"start":{"line":20,"column":37},"end":{"line":20,"column":null}},"10":{"start":{"line":21,"column":20},"end":{"line":24,"column":null}},"11":{"start":{"line":27,"column":16},"end":{"line":29,"column":null}},"12":{"start":{"line":28,"column":20},"end":{"line":28,"column":null}},"13":{"start":{"line":31,"column":16},"end":{"line":31,"column":null}},"14":{"start":{"line":34,"column":8},"end":{"line":34,"column":null}},"15":{"start":{"line":35,"column":8},"end":{"line":35,"column":null}},"16":{"start":{"line":35,"column":22},"end":{"line":35,"column":null}},"17":{"start":{"line":38,"column":24},"end":{"line":38,"column":null}},"18":{"start":{"line":38,"column":34},"end":{"line":38,"column":null}},"19":{"start":{"line":39,"column":23},"end":{"line":39,"column":null}},"20":{"start":{"line":39,"column":31},"end":{"line":39,"column":null}},"21":{"start":{"line":41,"column":31},"end":{"line":43,"column":null}},"22":{"start":{"line":42,"column":8},"end":{"line":42,"column":null}},"23":{"start":{"line":45,"column":4},"end":{"line":92,"column":null}},"24":{"start":{"line":62,"column":28},"end":{"line":88,"column":null}},"25":{"start":{"line":62,"column":184},"end":{"line":62,"column":null}},"26":{"start":{"line":84,"column":40},"end":{"line":84,"column":null}},"27":{"start":{"line":85,"column":40},"end":{"line":85,"column":null}}},"fnMap":{"0":{"name":"(anonymous_0)","decl":{"start":{"line":8,"column":25},"end":{"line":8,"column":31}},"loc":{"start":{"line":8,"column":31},"end":{"line":94,"column":null}}},"1":{"name":"(anonymous_1)","decl":{"start":{"line":14,"column":14},"end":{"line":14,"column":20}},"loc":{"start":{"line":14,"column":20},"end":{"line":36,"column":7}}},"2":{"name":"(anonymous_2)","decl":{"start":{"line":17,"column":26},"end":{"line":17,"column":38}},"loc":{"start":{"line":17,"column":38},"end":{"line":33,"column":null}}},"3":{"name":"(anonymous_3)","decl":{"start":{"line":19,"column":66},"end":{"line":19,"column":72}},"loc":{"start":{"line":19,"column":81},"end":{"line":25,"column":17}}},"4":{"name":"(anonymous_4)","decl":{"start":{"line":35,"column":15},"end":{"line":35,"column":22}},"loc":{"start":{"line":35,"column":22},"end":{"line":35,"column":null}}},"5":{"name":"(anonymous_5)","decl":{"start":{"line":38,"column":24},"end":{"line":38,"column":25}},"loc":{"start":{"line":38,"column":34},"end":{"line":38,"column":null}}},"6":{"name":"(anonymous_6)","decl":{"start":{"line":39,"column":23},"end":{"line":39,"column":31}},"loc":{"start":{"line":39,"column":31},"end":{"line":39,"column":null}}},"7":{"name":"(anonymous_7)","decl":{"start":{"line":41,"column":31},"end":{"line":41,"column":32}},"loc":{"start":{"line":41,"column":43},"end":{"line":43,"column":null}}},"8":{"name":"(anonymous_8)","decl":{"start":{"line":61,"column":35},"end":{"line":61,"column":36}},"loc":{"start":{"line":62,"column":28},"end":{"line":88,"column":null}}},"9":{"name":"(anonymous_9)","decl":{"start":{"line":62,"column":178},"end":{"line":62,"column":184}},"loc":{"start":{"line":62,"column":184},"end":{"line":62,"column":null}}},"10":{"name":"(anonymous_10)","decl":{"start":{"line":83,"column":154},"end":{"line":83,"column":159}},"loc":{"start":{"line":83,"column":159},"end":{"line":86,"column":39}}}},"branchMap":{"0":{"loc":{"start":{"line":27,"column":16},"end":{"line":29,"column":null}},"type":"if","locations":[{"start":{"line":27,"column":16},"end":{"line":29,"column":null}},{"start":{"line":27,"column":16},"end":{"line":29,"column":null}}]},"1":{"loc":{"start":{"line":38,"column":34},"end":{"line":38,"column":null}},"type":"cond-expr","locations":[{"start":{"line":38,"column":45},"end":{"line":38,"column":62}},{"start":{"line":38,"column":62},"end":{"line":38,"column":null}}]},"2":{"loc":{"start":{"line":39,"column":31},"end":{"line":39,"column":null}},"type":"cond-expr","locations":[{"start":{"line":39,"column":42},"end":{"line":39,"column":57}},{"start":{"line":39,"column":57},"end":{"line":39,"column":null}}]}},"s":{"0":1,"1":7,"2":7,"3":7,"4":7,"5":4,"6":4,"7":4,"8":4,"9":11,"10":11,"11":4,"12":3,"13":0,"14":4,"15":4,"16":4,"17":7,"18":22,"19":7,"20":22,"21":7,"22":0,"23":7,"24":11,"25":0,"26":1,"27":1},"f":{"0":7,"1":4,"2":4,"3":11,"4":4,"5":22,"6":22,"7":0,"8":11,"9":0,"10":1},"b":{"0":[3,1],"1":[0,22],"2":[0,22]}}
,"/Users/musaabugi/web_projects/jankara-stock/src/context/WatchListContex.jsx": {"path":"/Users/musaabugi/web_projects/jankara-stock/src/context/WatchListContex.jsx","statementMap":{"0":{"start":{"line":3,"column":25},"end":{"line":3,"column":null}},"1":{"start":{"line":5,"column":39},"end":{"line":40,"column":null}},"2":{"start":{"line":7,"column":38},"end":{"line":9,"column":null}},"3":{"start":{"line":11,"column":42},"end":{"line":11,"column":null}},"4":{"start":{"line":13,"column":6},"end":{"line":15,"column":null}},"5":{"start":{"line":14,"column":8},"end":{"line":14,"column":null}},"6":{"start":{"line":17,"column":21},"end":{"line":21,"column":null}},"7":{"start":{"line":18,"column":8},"end":{"line":20,"column":null}},"8":{"start":{"line":19,"column":12},"end":{"line":19,"column":null}},"9":{"start":{"line":23,"column":24},"end":{"line":27,"column":null}},"10":{"start":{"line":24,"column":8},"end":{"line":26,"column":null}},"11":{"start":{"line":25,"column":10},"end":{"line":25,"column":null}},"12":{"start":{"line":29,"column":37},"end":{"line":33,"column":null}},"13":{"start":{"line":30,"column":6},"end":{"line":30,"column":null}},"14":{"start":{"line":32,"column":6},"end":{"line":32,"column":null}},"15":{"start":{"line":32,"column":23},"end":{"line":32,"column":43}},"16":{"start":{"line":35,"column":4},"end":{"line":38,"column":null}}},"fnMap":{"0":{"name":"(anonymous_0)","decl":{"start":{"line":5,"column":39},"end":{"line":5,"column":40}},"loc":{"start":{"line":5,"column":55},"end":{"line":40,"column":null}}},"1":{"name":"(anonymous_1)","decl":{"start":{"line":13,"column":16},"end":{"line":13,"column":22}},"loc":{"start":{"line":13,"column":22},"end":{"line":15,"column":9}}},"2":{"name":"(anonymous_2)","decl":{"start":{"line":17,"column":21},"end":{"line":17,"column":30}},"loc":{"start":{"line":17,"column":30},"end":{"line":21,"column":null}}},"3":{"name":"(anonymous_3)","decl":{"start":{"line":23,"column":24},"end":{"line":23,"column":25}},"loc":{"start":{"line":23,"column":35},"end":{"line":27,"column":null}}},"4":{"name":"(anonymous_4)","decl":{"start":{"line":24,"column":38},"end":{"line":24,"column":39}},"loc":{"start":{"line":24,"column":46},"end":{"line":26,"column":9}}},"5":{"name":"(anonymous_5)","decl":{"start":{"line":29,"column":37},"end":{"line":29,"column":38}},"loc":{"start":{"line":29,"column":50},"end":{"line":33,"column":null}}},"6":{"name":"(anonymous_6)","decl":{"start":{"line":32,"column":17},"end":{"line":32,"column":23}},"loc":{"start":{"line":32,"column":23},"end":{"line":32,"column":43}}}},"branchMap":{"0":{"loc":{"start":{"line":8,"column":8},"end":{"line":8,"column":null}},"type":"binary-expr","locations":[{"start":{"line":8,"column":8},"end":{"line":8,"column":57}},{"start":{"line":8,"column":57},"end":{"line":8,"column":null}}]},"1":{"loc":{"start":{"line":18,"column":8},"end":{"line":20,"column":null}},"type":"if","locations":[{"start":{"line":18,"column":8},"end":{"line":20,"column":null}},{"start":{"line":18,"column":8},"end":{"line":20,"column":null}}]}},"s":{"0":4,"1":4,"2":15,"3":15,"4":15,"5":15,"6":15,"7":1,"8":1,"9":15,"10":1,"11":3,"12":15,"13":0,"14":0,"15":0,"16":15},"f":{"0":15,"1":15,"2":1,"3":1,"4":3,"5":0,"6":0},"b":{"0":[15,4],"1":[1,0]}}
}
